<?xml version="1.0" encoding="UTF-8"?>
<!-- Generated by org.testng.reporters.JUnitXMLReporter -->
<testsuite ignored="0" hostname="LAPTOP-292JMUQI" failures="0" tests="4" name="Test" time="41.475" errors="0" timestamp="2026-03-13T10:36:28 IST">
  <testcase classname="testCases.TC003_LoginDDT" name="verify_loginDDT" time="11.997"/>
  <testcase classname="testCases.TC003_LoginDDT" name="verify_loginDDT" time="11.869"/>
  <testcase classname="testCases.TC003_LoginDDT" name="verify_loginDDT" time="1.894"/>
  <testcase classname="testCases.TC003_LoginDDT" name="verify_loginDDT" time="10.556"/>
</testsuite> <!-- Test -->
