<?xml version="1.0" encoding="UTF-8"?>
<!-- Generated by org.testng.reporters.JUnitReportReporter -->
<testsuite hostname="LAPTOP-292JMUQI" failures="0" tests="4" name="testCases.TC003_LoginDDT" time="36.316" errors="0" timestamp="2026-03-13T10:36:28 IST" skipped="0">
  <testcase classname="testCases.TC003_LoginDDT" name="verify_loginDDT" time="1.894"/>
  <testcase classname="testCases.TC003_LoginDDT" name="verify_loginDDT" time="11.997"/>
  <testcase classname="testCases.TC003_LoginDDT" name="verify_loginDDT" time="11.869"/>
  <testcase classname="testCases.TC003_LoginDDT" name="verify_loginDDT" time="10.556"/>
</testsuite> <!-- testCases.TC003_LoginDDT -->
